This file contains any messages produced by compilers while
running configure, to aid debugging if configure makes a mistake.

It was created by libvlcpp configure 0.1.0, which was
generated by GNU Autoconf 2.72.  Invocation command line was

  $ ./configure

## --------- ##
## Platform. ##
## --------- ##

hostname = magpiny
uname -m = x86_64
uname -r = 6.10.13-3-MANJARO
uname -s = Linux
uname -v = #1 SMP PREEMPT_DYNAMIC Tue Oct  8 03:24:49 UTC 2024

/usr/bin/uname -p = unknown
/bin/uname -X     = unknown

/bin/arch              = unknown
/usr/bin/arch -k       = unknown
/usr/convex/getsysinfo = unknown
/usr/bin/hostinfo      = unknown
/bin/machine           = unknown
/usr/bin/oslevel       = unknown
/bin/universe          = unknown

PATH: /home/wanjares/.local/bin/
PATH: /home/wanjares/.cargo/bin/
PATH: /usr/local/bin/
PATH: /usr/bin/
PATH: /usr/local/sbin/
PATH: /home/wanjares/.local/share/flatpak/exports/bin/
PATH: /var/lib/flatpak/exports/bin/
PATH: /usr/lib/jvm/default/bin/
PATH: /usr/bin/site_perl/
PATH: /usr/bin/vendor_perl/
PATH: /usr/bin/core_perl/
PATH: /usr/lib/rustup/bin/


## ----------- ##
## Core tests. ##
## ----------- ##

configure:2029: looking for aux files: missing install-sh
configure:2042:  trying ./
configure:2071:   ./missing found
configure:2053:   ./install-sh found
configure:2202: checking for a BSD-compatible install
configure:2276: result: /usr/bin/install -c
configure:2287: checking whether sleep supports fractional seconds
configure:2303: result: yes
configure:2306: checking filesystem timestamp resolution
configure:2441: result: 0.01
configure:2446: checking whether build environment is sane
configure:2487: result: yes
configure:2658: checking for a race-free mkdir -p
configure:2701: result: /usr/bin/mkdir -p
configure:2708: checking for gawk
configure:2729: found /usr/bin/gawk
configure:2741: result: gawk
configure:2752: checking whether make sets $(MAKE)
configure:2776: result: yes
configure:2802: checking whether make supports nested variables
configure:2821: result: yes
configure:2835: checking xargs -n works
configure:2851: result: yes
configure:3025: checking for g++
configure:3046: found /usr/bin/g++
configure:3058: result: g++
configure:3085: checking for C++ compiler version
configure:3094: g++ --version >&5
g++ (GCC) 14.2.1 20240910
Copyright (C) 2024 Free Software Foundation, Inc.
This is free software; see the source for copying conditions.  There is NO
warranty; not even for MERCHANTABILITY or FITNESS FOR A PARTICULAR PURPOSE.

configure:3105: $? = 0
configure:3094: g++ -v >&5
Using built-in specs.
COLLECT_GCC=g++
COLLECT_LTO_WRAPPER=/usr/lib/gcc/x86_64-pc-linux-gnu/14.2.1/lto-wrapper
Target: x86_64-pc-linux-gnu
Configured with: /build/gcc/src/gcc/configure --enable-languages=ada,c,c++,d,fortran,go,lto,m2,objc,obj-c++,rust --enable-bootstrap --prefix=/usr --libdir=/usr/lib --libexecdir=/usr/lib --mandir=/usr/share/man --infodir=/usr/share/info --with-bugurl=https://gitlab.archlinux.org/archlinux/packaging/packages/gcc/-/issues --with-build-config=bootstrap-lto --with-linker-hash-style=gnu --with-system-zlib --enable-__cxa_atexit --enable-cet=auto --enable-checking=release --enable-clocale=gnu --enable-default-pie --enable-default-ssp --enable-gnu-indirect-function --enable-gnu-unique-object --enable-libstdcxx-backtrace --enable-link-serialization=1 --enable-linker-build-id --enable-lto --enable-multilib --enable-plugin --enable-shared --enable-threads=posix --disable-libssp --disable-libstdcxx-pch --disable-werror
Thread model: posix
Supported LTO compression algorithms: zlib zstd
gcc version 14.2.1 20240910 (GCC) 
configure:3105: $? = 0
configure:3094: g++ -V >&5
g++: error: unrecognized command-line option '-V'
g++: fatal error: no input files
compilation terminated.
configure:3105: $? = 1
configure:3094: g++ -qversion >&5
g++: error: unrecognized command-line option '-qversion'; did you mean '--version'?
g++: fatal error: no input files
compilation terminated.
configure:3105: $? = 1
configure:3125: checking whether the C++ compiler works
configure:3147: g++    conftest.cpp  >&5
configure:3151: $? = 0
configure:3202: result: yes
configure:3206: checking for C++ compiler default output file name
configure:3208: result: a.out
configure:3214: checking for suffix of executables
configure:3221: g++ -o conftest    conftest.cpp  >&5
configure:3225: $? = 0
configure:3249: result: 
configure:3273: checking whether we are cross compiling
configure:3281: g++ -o conftest    conftest.cpp  >&5
configure:3285: $? = 0
configure:3292: ./conftest
configure:3296: $? = 0
configure:3311: result: no
configure:3317: checking for suffix of object files
configure:3340: g++ -c   conftest.cpp >&5
configure:3344: $? = 0
configure:3368: result: o
configure:3372: checking whether the compiler supports GNU C++
configure:3392: g++ -c   conftest.cpp >&5
configure:3392: $? = 0
configure:3404: result: yes
configure:3415: checking whether g++ accepts -g
configure:3436: g++ -c -g  conftest.cpp >&5
configure:3436: $? = 0
configure:3483: result: yes
configure:3503: checking for g++ option to enable C++11 features
configure:3518: g++  -c -g -O2  conftest.cpp >&5
conftest.cpp: In function 'int main(int, char**)':
conftest.cpp:177:25: warning: empty parentheses were disambiguated as a function declaration [-Wvexing-parse]
  177 |   cxx11test::delegate d2();
      |                         ^~
conftest.cpp:177:25: note: remove parentheses to default-initialize a variable
  177 |   cxx11test::delegate d2();
      |                         ^~
      |                         --
conftest.cpp:177:25: note: or replace parentheses with braces to value-initialize a variable
configure:3518: $? = 0
configure:3537: result: none needed
configure:3609: checking whether make supports the include directive
configure:3624: make -f confmf.GNU && cat confinc.out
this is the am__doit target
configure:3627: $? = 0
configure:3646: result: yes (GNU style)
configure:3672: checking dependency style of g++
configure:3785: result: gcc3
configure:3808: checking whether g++ supports C++11 features by default
configure:3865: g++ -c -g -O2  conftest.cpp >&5
configure:3865: $? = 0
configure:3875: result: yes
configure:4066: checking for pkg-config
configure:4089: found /usr/bin/pkg-config
configure:4102: result: /usr/bin/pkg-config
configure:4127: checking pkg-config is at least version 0.9.0
configure:4130: result: yes
configure:4386: checking that generated files are newer than configure
configure:4392: result: done
configure:4435: creating ./config.status

## ---------------------- ##
## Running config.status. ##
## ---------------------- ##

This file was extended by libvlcpp config.status 0.1.0, which was
generated by GNU Autoconf 2.72.  Invocation command line was

  CONFIG_FILES    = 
  CONFIG_HEADERS  = 
  CONFIG_LINKS    = 
  CONFIG_COMMANDS = 
  $ ./config.status 

on magpiny

config.status:785: creating Makefile
config.status:785: creating libvlcpp.pc
config.status:957: executing depfiles commands
config.status:1034: cd .       && sed -e '/# am--include-marker/d' Makefile         | make -f - am--depfiles
config.status:1039: $? = 0

## ---------------- ##
## Cache variables. ##
## ---------------- ##

ac_cv_cxx_compiler_gnu=yes
ac_cv_env_CCC_set=
ac_cv_env_CCC_value=
ac_cv_env_CPPFLAGS_set=
ac_cv_env_CPPFLAGS_value=
ac_cv_env_CXXFLAGS_set=
ac_cv_env_CXXFLAGS_value=
ac_cv_env_CXX_set=
ac_cv_env_CXX_value=
ac_cv_env_LDFLAGS_set=
ac_cv_env_LDFLAGS_value=
ac_cv_env_LIBS_set=
ac_cv_env_LIBS_value=
ac_cv_env_PKG_CONFIG_LIBDIR_set=
ac_cv_env_PKG_CONFIG_LIBDIR_value=
ac_cv_env_PKG_CONFIG_PATH_set=
ac_cv_env_PKG_CONFIG_PATH_value=
ac_cv_env_PKG_CONFIG_set=
ac_cv_env_PKG_CONFIG_value=
ac_cv_env_build_alias_set=
ac_cv_env_build_alias_value=
ac_cv_env_host_alias_set=
ac_cv_env_host_alias_value=
ac_cv_env_target_alias_set=
ac_cv_env_target_alias_value=
ac_cv_env_vlc_CFLAGS_set=
ac_cv_env_vlc_CFLAGS_value=
ac_cv_env_vlc_LIBS_set=
ac_cv_env_vlc_LIBS_value=
ac_cv_objext=o
ac_cv_path_ac_pt_PKG_CONFIG=/usr/bin/pkg-config
ac_cv_path_install='/usr/bin/install -c'
ac_cv_path_mkdir=/usr/bin/mkdir
ac_cv_prog_AWK=gawk
ac_cv_prog_ac_ct_CXX=g++
ac_cv_prog_cxx_cxx11=
ac_cv_prog_cxx_g=yes
ac_cv_prog_cxx_stdcxx=
ac_cv_prog_make_make_set=yes
am_cv_CXX_dependencies_compiler_type=gcc3
am_cv_filesystem_timestamp_resolution=0.01
am_cv_make_support_nested_variables=yes
am_cv_sleep_fractional_seconds=yes
am_cv_xargs_n_works=yes
ax_cv_cxx_compile_cxx11=yes

## ----------------- ##
## Output variables. ##
## ----------------- ##

ACLOCAL='${SHELL} '\''/home/wanjares/Documents/Devs/cpp/proj/wanjplayer/libs/libvlcpp/missing'\'' aclocal-1.17'
AMDEPBACKSLASH='\'
AMDEP_FALSE='#'
AMDEP_TRUE=''
AMTAR='$${TAR-tar}'
AM_BACKSLASH='\'
AM_DEFAULT_V='$(AM_DEFAULT_VERBOSITY)'
AM_DEFAULT_VERBOSITY='0'
AM_V='$(V)'
AUTOCONF='${SHELL} '\''/home/wanjares/Documents/Devs/cpp/proj/wanjplayer/libs/libvlcpp/missing'\'' autoconf'
AUTOHEADER='${SHELL} '\''/home/wanjares/Documents/Devs/cpp/proj/wanjplayer/libs/libvlcpp/missing'\'' autoheader'
AUTOMAKE='${SHELL} '\''/home/wanjares/Documents/Devs/cpp/proj/wanjplayer/libs/libvlcpp/missing'\'' automake-1.17'
AWK='gawk'
CPPFLAGS=''
CSCOPE='cscope'
CTAGS='ctags'
CXX='g++'
CXXDEPMODE='depmode=gcc3'
CXXFLAGS='-g -O2'
CYGPATH_W='echo'
DEFS='-DPACKAGE_NAME=\"libvlcpp\" -DPACKAGE_TARNAME=\"libvlcpp\" -DPACKAGE_VERSION=\"0.1.0\" -DPACKAGE_STRING=\"libvlcpp\ 0.1.0\" -DPACKAGE_BUGREPORT=\"\" -DPACKAGE_URL=\"\" -DPACKAGE=\"libvlcpp\" -DVERSION=\"0.1.0\"'
DEPDIR='.deps'
ECHO_C=''
ECHO_N='-n'
ECHO_T=''
ETAGS='etags'
EXEEXT=''
HAVE_CXX11=''
HAVE_EXAMPLES_FALSE=''
HAVE_EXAMPLES_TRUE='#'
HAVE_WERROR_FALSE=''
HAVE_WERROR_TRUE='#'
INSTALL_DATA='${INSTALL} -m 644'
INSTALL_PROGRAM='${INSTALL}'
INSTALL_SCRIPT='${INSTALL}'
INSTALL_STRIP_PROGRAM='$(install_sh) -c -s'
LDFLAGS=''
LIBOBJS=''
LIBS=''
LTLIBOBJS=''
MAKEINFO='${SHELL} '\''/home/wanjares/Documents/Devs/cpp/proj/wanjplayer/libs/libvlcpp/missing'\'' makeinfo'
MKDIR_P='/usr/bin/mkdir -p'
OBJEXT='o'
PACKAGE='libvlcpp'
PACKAGE_BUGREPORT=''
PACKAGE_NAME='libvlcpp'
PACKAGE_STRING='libvlcpp 0.1.0'
PACKAGE_TARNAME='libvlcpp'
PACKAGE_URL=''
PACKAGE_VERSION='0.1.0'
PATH_SEPARATOR=':'
PKG_CONFIG='/usr/bin/pkg-config'
PKG_CONFIG_LIBDIR=''
PKG_CONFIG_PATH=''
SET_MAKE=''
SHELL='/bin/sh'
STRIP=''
VERSION='0.1.0'
ac_ct_CXX='g++'
am__EXEEXT_FALSE=''
am__EXEEXT_TRUE='#'
am__fastdepCXX_FALSE='#'
am__fastdepCXX_TRUE=''
am__include='include'
am__isrc=''
am__leading_dot='.'
am__nodep='_no'
am__quote=''
am__rm_f_notfound=''
am__tar='$${TAR-tar} chof - "$$tardir"'
am__untar='$${TAR-tar} xf -'
am__xargs_n='xargs -n'
bindir='${exec_prefix}/bin'
build_alias=''
datadir='${datarootdir}'
datarootdir='${prefix}/share'
docdir='${datarootdir}/doc/${PACKAGE_TARNAME}'
dvidir='${docdir}'
exec_prefix='${prefix}'
host_alias=''
htmldir='${docdir}'
includedir='${prefix}/include'
infodir='${datarootdir}/info'
install_sh='${SHELL} /home/wanjares/Documents/Devs/cpp/proj/wanjplayer/libs/libvlcpp/install-sh'
libdir='${exec_prefix}/lib'
libexecdir='${exec_prefix}/libexec'
localedir='${datarootdir}/locale'
localstatedir='${prefix}/var'
mandir='${datarootdir}/man'
mkdir_p='$(MKDIR_P)'
oldincludedir='/usr/include'
pdfdir='${docdir}'
prefix='/usr/local'
program_transform_name='s,x,x,'
psdir='${docdir}'
runstatedir='${localstatedir}/run'
sbindir='${exec_prefix}/sbin'
sharedstatedir='${prefix}/com'
sysconfdir='${prefix}/etc'
target_alias=''
vlc_CFLAGS=''
vlc_LIBS=''

## ----------- ##
## confdefs.h. ##
## ----------- ##

/* confdefs.h */
#define PACKAGE_NAME "libvlcpp"
#define PACKAGE_TARNAME "libvlcpp"
#define PACKAGE_VERSION "0.1.0"
#define PACKAGE_STRING "libvlcpp 0.1.0"
#define PACKAGE_BUGREPORT ""
#define PACKAGE_URL ""
#define PACKAGE "libvlcpp"
#define VERSION "0.1.0"

configure: exit 0
